0 info it worked if it ends with ok
1 verbose cli [ 'C:\\Program Files (x86)\\nodejs\\node.exe',
1 verbose cli   'C:\\Users\\sgrjr\\AppData\\Roaming\\npm\\node_modules\\npm\\bin\\npm-cli.js',
1 verbose cli   'run',
1 verbose cli   'update-schema' ]
2 info using npm@3.8.2
3 info using node@v5.9.0
4 verbose run-script [ 'preupdate-schema', 'update-schema', 'postupdate-schema' ]
5 info lifecycle bibleexchange@0.1.0~preupdate-schema: bibleexchange@0.1.0
6 silly lifecycle bibleexchange@0.1.0~preupdate-schema: no script for preupdate-schema, continuing
7 info lifecycle bibleexchange@0.1.0~update-schema: bibleexchange@0.1.0
8 verbose lifecycle bibleexchange@0.1.0~update-schema: unsafe-perm in lifecycle true
9 verbose lifecycle bibleexchange@0.1.0~update-schema: PATH: C:\Users\sgrjr\AppData\Roaming\npm\node_modules\npm\bin\node-gyp-bin;C:\www\be-front\node_modules\.bin;C:\Program Files (x86)\nodejs;C:\Users\sgrjr\AppData\Roaming\npm\node_modules\npm\bin\node-gyp-bin;C:\www\be-front\node_modules\.bin;C:\Program Files (x86)\nodejs;C:\ProgramData\Oracle\Java\javapath;C:\Program Files (x86)\Intel\iCLS Client\;C:\Program Files\Intel\iCLS Client\;C:\WINDOWS\system32;C:\WINDOWS;C:\WINDOWS\System32\Wbem;C:\WINDOWS\System32\WindowsPowerShell\v1.0\;C:\Program Files\Intel\Intel(R) Management Engine Components\DAL;C:\Program Files (x86)\Intel\Intel(R) Management Engine Components\DAL;C:\Program Files\Intel\Intel(R) Management Engine Components\IPT;C:\Program Files (x86)\Intel\Intel(R) Management Engine Components\IPT;C:\Program Files\Intel\WiFi\bin\;C:\Program Files\Common Files\Intel\WirelessCommon\;C:\xampp\php;C:\ProgramData\ComposerSetup\bin;C:\php;C:\xampp\mysql\bin;C:\Program Files (x86)\Windows Live\Shared;C:\HashiCorp\Vagrant\bin;C:\Program Files (x86)\nodejs\;C:\Program Files (x86)\PDFtk\bin\;C:\Users\sgrjr\AppData\Roaming\Composer\vendor\bin;C:\Program Files (x86)\7-Zip;C:\Users\sgrjr\AppData\Local\Programs\Git\cmd;C:\www\mongodb\bin
10 verbose lifecycle bibleexchange@0.1.0~update-schema: CWD: C:\www\be-front
11 silly lifecycle bibleexchange@0.1.0~update-schema: Args: [ '/d /s /c', 'babel-node ./scripts/updateSchema.js' ]
12 silly lifecycle bibleexchange@0.1.0~update-schema: Returned: code: 1  signal: null
13 info lifecycle bibleexchange@0.1.0~update-schema: Failed to exec update-schema script
14 verbose stack Error: bibleexchange@0.1.0 update-schema: `babel-node ./scripts/updateSchema.js`
14 verbose stack Exit status 1
14 verbose stack     at EventEmitter.<anonymous> (C:\Users\sgrjr\AppData\Roaming\npm\node_modules\npm\lib\utils\lifecycle.js:239:16)
14 verbose stack     at emitTwo (events.js:100:13)
14 verbose stack     at EventEmitter.emit (events.js:185:7)
14 verbose stack     at ChildProcess.<anonymous> (C:\Users\sgrjr\AppData\Roaming\npm\node_modules\npm\lib\utils\spawn.js:24:14)
14 verbose stack     at emitTwo (events.js:100:13)
14 verbose stack     at ChildProcess.emit (events.js:185:7)
14 verbose stack     at maybeClose (internal/child_process.js:850:16)
14 verbose stack     at Process.ChildProcess._handle.onexit (internal/child_process.js:215:5)
15 verbose pkgid bibleexchange@0.1.0
16 verbose cwd C:\www\be-front
17 error Windows_NT 10.0.10586
18 error argv "C:\\Program Files (x86)\\nodejs\\node.exe" "C:\\Users\\sgrjr\\AppData\\Roaming\\npm\\node_modules\\npm\\bin\\npm-cli.js" "run" "update-schema"
19 error node v5.9.0
20 error npm  v3.8.2
21 error code ELIFECYCLE
22 error bibleexchange@0.1.0 update-schema: `babel-node ./scripts/updateSchema.js`
22 error Exit status 1
23 error Failed at the bibleexchange@0.1.0 update-schema script 'babel-node ./scripts/updateSchema.js'.
23 error Make sure you have the latest version of node.js and npm installed.
23 error If you do, this is most likely a problem with the bibleexchange package,
23 error not with npm itself.
23 error Tell the author that this fails on your system:
23 error     babel-node ./scripts/updateSchema.js
23 error You can get information on how to open an issue for this project with:
23 error     npm bugs bibleexchange
23 error Or if that isn't available, you can get their info via:
23 error     npm owner ls bibleexchange
23 error There is likely additional logging output above.
24 verbose exit [ 1, true ]
